빌드 시작: 2015-03-31 오후 1:45:12
     1>2 노드의 "C:\Users\s_vettel_desk\Desktop\대학원강의\항공우주임베디드\HILS\HILS\HILS\HILS.vcxproj" 프로젝트(build 대상)입니다.
     1>InitializeBuildStatus:
         "AlwaysCreate"이(가) 지정되었기 때문에 "Debug\HILS.unsuccessfulbuild"을(를) 만들고 있습니다.
       ClCompile:
         C:\Program Files (x86)\Microsoft Visual Studio 10.0\VC\bin\CL.exe /c /ZI /nologo /W3 /WX- /Od /Oy- /D WIN32 /D _DEBUG /D _WINDOWS /D _MBCS /Gm /EHsc /RTC1 /MDd /GS /fp:precise /Zc:wchar_t /Zc:forScope /Yc"StdAfx.h" /Fp"Debug\HILS.pch" /Fo"Debug\\" /Fd"Debug\vc100.pdb" /Gd /TP /analyze- /errorReport:prompt stdafx.cpp
         stdafx.cpp
         C:\Program Files (x86)\Microsoft Visual Studio 10.0\VC\bin\CL.exe /c /ZI /nologo /W3 /WX- /Od /Oy- /D WIN32 /D _DEBUG /D _WINDOWS /D _MBCS /Gm /EHsc /RTC1 /MDd /GS /fp:precise /Zc:wchar_t /Zc:forScope /Yu"StdAfx.h" /Fp"Debug\HILS.pch" /Fo"Debug\\" /Fd"Debug\vc100.pdb" /Gd /TP /analyze- /errorReport:prompt Actuator.cpp Forces.cpp HILS.cpp Parameter.cpp Serial.cpp System.cpp
         System.cpp
         Serial.cpp
         Parameter.cpp
     1>c:\users\s_vettel_desk\desktop\대학원강의\항공우주임베디드\hils\hils\hils\parameter.cpp(26): warning C4996: 'scanf': This function or variable may be unsafe. Consider using scanf_s instead. To disable deprecation, use _CRT_SECURE_NO_WARNINGS. See online help for details.
                 c:\program files (x86)\microsoft visual studio 10.0\vc\include\stdio.h(304) : 'scanf' 선언을 참조하십시오.
         HILS.cpp
         Forces.cpp
         Actuator.cpp
     1>c:\users\s_vettel_desk\desktop\대학원강의\항공우주임베디드\hils\hils\hils\actuator.cpp(9): warning C4244: '=' : 'double'에서 'float'(으)로 변환하면서 데이터가 손실될 수 있습니다.
         코드를 생성하고 있습니다...
       ResourceCompile:
         모든 출력이 최신 상태입니다.
       ManifestResourceCompile:
         모든 출력이 최신 상태입니다.
       Link:
         C:\Program Files (x86)\Microsoft Visual Studio 10.0\VC\bin\link.exe /ERRORREPORT:PROMPT /OUT:"C:\Users\s_vettel_desk\Desktop\대학원강의\항공우주임베디드\HILS\HILS\Debug\HILS.exe" /INCREMENTAL /NOLOGO kernel32.lib user32.lib gdi32.lib winspool.lib comdlg32.lib advapi32.lib shell32.lib ole32.lib oleaut32.lib uuid.lib odbc32.lib odbccp32.lib /MANIFEST /ManifestFile:"Debug\HILS.exe.intermediate.manifest" /MANIFESTUAC:"level='asInvoker' uiAccess='false'" /DEBUG /PDB:"C:\Users\s_vettel_desk\Desktop\대학원강의\항공우주임베디드\HILS\HILS\Debug\HILS.pdb" /SUBSYSTEM:WINDOWS /TLBID:1 /DYNAMICBASE /NXCOMPAT /IMPLIB:"C:\Users\s_vettel_desk\Desktop\대학원강의\항공우주임베디드\HILS\HILS\Debug\HILS.lib" /MACHINE:X86 Debug\HILS.res
         Debug\HILS.exe.embed.manifest.res
         Debug\Actuator.obj
         Debug\Forces.obj
         Debug\HILS.obj
         Debug\Parameter.obj
         Debug\Serial.obj
         Debug\stdafx.obj
         Debug\System.obj
       Manifest:
         C:\Program Files (x86)\Microsoft SDKs\Windows\v7.0A\bin\mt.exe /nologo /verbose /out:"Debug\HILS.exe.embed.manifest" /manifest Debug\HILS.exe.intermediate.manifest
         모든 출력이 최신 상태입니다.
       LinkEmbedManifest:
         모든 출력이 최신 상태입니다.
         HILS.vcxproj -> C:\Users\s_vettel_desk\Desktop\대학원강의\항공우주임베디드\HILS\HILS\Debug\HILS.exe
       FinalizeBuildStatus:
         "Debug\HILS.unsuccessfulbuild" 파일을 삭제하고 있습니다.
         "Debug\HILS.lastbuildstate"에 연결(touching)하고 있습니다.
     1>"C:\Users\s_vettel_desk\Desktop\대학원강의\항공우주임베디드\HILS\HILS\HILS\HILS.vcxproj" 프로젝트를 빌드했습니다(build 대상).

빌드했습니다.

경과 시간: 00:00:01.57
